2020-04-10 22:10:29.148  INFO 10160 --- [restartedMain] c.e.s.Springboot2ljApplication           : Starting Springboot2ljApplication on luojie with PID 10160 (E:\workspace\SpringBootDemo-master\SpringBootDemo-master\springboot2lj\target\classes started by 11711 in E:\workspace\SpringBootDemo-master\SpringBootDemo-master\springboot2lj)
2020-04-10 22:10:29.149  INFO 10160 --- [restartedMain] c.e.s.Springboot2ljApplication           : No active profile set, falling back to default profiles: default
2020-04-10 22:10:29.539  INFO 10160 --- [restartedMain] trationDelegate$BeanPostProcessorChecker : Bean 'org.springframework.transaction.annotation.ProxyTransactionManagementConfiguration' of type [org.springframework.transaction.annotation.ProxyTransactionManagementConfiguration] is not eligible for getting processed by all BeanPostProcessors (for example: not eligible for auto-proxying)
2020-04-10 22:10:29.742  INFO 10160 --- [restartedMain] o.s.b.w.embedded.tomcat.TomcatWebServer  : Tomcat initialized with port(s): 8089 (http)
2020-04-10 22:10:29.743  INFO 10160 --- [restartedMain] o.apache.catalina.core.StandardService   : Starting service [Tomcat]
2020-04-10 22:10:29.743  INFO 10160 --- [restartedMain] org.apache.catalina.core.StandardEngine  : Starting Servlet engine: [Apache Tomcat/9.0.30]
2020-04-10 22:10:29.795  INFO 10160 --- [restartedMain] o.a.c.c.C.[Tomcat].[localhost].[/]       : Initializing Spring embedded WebApplicationContext
2020-04-10 22:10:29.795  INFO 10160 --- [restartedMain] o.s.web.context.ContextLoader            : Root WebApplicationContext: initialization completed in 642 ms
2020-04-10 22:10:30.056  INFO 10160 --- [restartedMain] o.s.b.a.e.web.ServletEndpointRegistrar   : Registered '/actuator/jolokia' to jolokia-actuator-endpoint
2020-04-10 22:10:30.268  INFO 10160 --- [restartedMain] o.s.s.concurrent.ThreadPoolTaskExecutor  : Initializing ExecutorService 'applicationTaskExecutor'
2020-04-10 22:10:30.382  INFO 10160 --- [restartedMain] o.s.s.c.ThreadPoolTaskScheduler          : Initializing ExecutorService
2020-04-10 22:10:30.455  INFO 10160 --- [restartedMain] o.s.b.d.a.OptionalLiveReloadServer       : LiveReload server is running on port 35729
2020-04-10 22:10:30.460  INFO 10160 --- [restartedMain] o.s.b.a.e.web.EndpointLinksResolver      : Exposing 15 endpoint(s) beneath base path '/actuator'
2020-04-10 22:10:30.492  INFO 10160 --- [restartedMain] o.s.b.w.embedded.tomcat.TomcatWebServer  : Tomcat started on port(s): 8089 (http) with context path ''
2020-04-10 22:10:30.493  INFO 10160 --- [restartedMain] c.e.s.Springboot2ljApplication           : Started Springboot2ljApplication in 1.384 seconds (JVM running for 60.829)
2020-04-10 22:10:30.496  INFO 10160 --- [restartedMain] .ConditionEvaluationDeltaLoggingListener : Condition evaluation unchanged
2020-04-10 22:10:32.506  WARN 10160 --- [registrationTask1] d.c.b.a.c.r.ApplicationRegistrator       : Failed to register application as Application(name=spring-boot-admin-client, managementUrl=http://luojie:8089/actuator, healthUrl=http://luojie:8089/actuator/health, serviceUrl=http://luojie:8089/) at spring-boot-admin ([http://localhost:8080/instances]): I/O error on POST request for "http://localhost:8080/instances": Connection refused: connect; nested exception is java.net.ConnectException: Connection refused: connect. Further attempts are logged on DEBUG level
2020-04-10 22:10:47.199  INFO 6380 --- [restartedMain] c.e.s.Springboot2ljApplication           : Starting Springboot2ljApplication on luojie with PID 6380 (E:\workspace\SpringBootDemo-master\SpringBootDemo-master\springboot2lj\target\classes started by 11711 in E:\workspace\SpringBootDemo-master\SpringBootDemo-master\springboot2lj)
2020-04-10 22:10:47.201  INFO 6380 --- [restartedMain] c.e.s.Springboot2ljApplication           : No active profile set, falling back to default profiles: default
2020-04-10 22:10:47.308  INFO 6380 --- [restartedMain] .e.DevToolsPropertyDefaultsPostProcessor : Devtools property defaults active! Set 'spring.devtools.add-properties' to 'false' to disable
2020-04-10 22:10:47.309  INFO 6380 --- [restartedMain] .e.DevToolsPropertyDefaultsPostProcessor : For additional web related logging consider setting the 'logging.level.web' property to 'DEBUG'
2020-04-10 22:10:48.390  INFO 6380 --- [restartedMain] trationDelegate$BeanPostProcessorChecker : Bean 'org.springframework.transaction.annotation.ProxyTransactionManagementConfiguration' of type [org.springframework.transaction.annotation.ProxyTransactionManagementConfiguration] is not eligible for getting processed by all BeanPostProcessors (for example: not eligible for auto-proxying)
2020-04-10 22:10:48.853  INFO 6380 --- [restartedMain] o.s.b.w.embedded.tomcat.TomcatWebServer  : Tomcat initialized with port(s): 8089 (http)
2020-04-10 22:10:48.861  INFO 6380 --- [restartedMain] o.apache.catalina.core.StandardService   : Starting service [Tomcat]
2020-04-10 22:10:48.862  INFO 6380 --- [restartedMain] org.apache.catalina.core.StandardEngine  : Starting Servlet engine: [Apache Tomcat/9.0.30]
2020-04-10 22:10:48.976  INFO 6380 --- [restartedMain] o.a.c.c.C.[Tomcat].[localhost].[/]       : Initializing Spring embedded WebApplicationContext
2020-04-10 22:10:48.977  INFO 6380 --- [restartedMain] o.s.web.context.ContextLoader            : Root WebApplicationContext: initialization completed in 1668 ms
2020-04-10 22:10:49.384  INFO 6380 --- [restartedMain] o.s.b.a.e.web.ServletEndpointRegistrar   : Registered '/actuator/jolokia' to jolokia-actuator-endpoint
2020-04-10 22:10:49.869  INFO 6380 --- [restartedMain] o.s.s.concurrent.ThreadPoolTaskExecutor  : Initializing ExecutorService 'applicationTaskExecutor'
2020-04-10 22:10:50.125  INFO 6380 --- [restartedMain] o.s.s.c.ThreadPoolTaskScheduler          : Initializing ExecutorService
2020-04-10 22:10:50.246  INFO 6380 --- [restartedMain] o.s.b.d.a.OptionalLiveReloadServer       : LiveReload server is running on port 35729
2020-04-10 22:10:50.252  INFO 6380 --- [restartedMain] o.s.b.a.e.web.EndpointLinksResolver      : Exposing 15 endpoint(s) beneath base path '/actuator'
2020-04-10 22:10:50.340  INFO 6380 --- [restartedMain] o.s.b.w.embedded.tomcat.TomcatWebServer  : Tomcat started on port(s): 8089 (http) with context path ''
2020-04-10 22:10:50.344  INFO 6380 --- [restartedMain] c.e.s.Springboot2ljApplication           : Started Springboot2ljApplication in 3.696 seconds (JVM running for 6.828)
2020-04-10 22:10:52.454  WARN 6380 --- [registrationTask1] d.c.b.a.c.r.ApplicationRegistrator       : Failed to register application as Application(name=spring-boot-admin-client, managementUrl=http://luojie:8089/actuator, healthUrl=http://luojie:8089/actuator/health, serviceUrl=http://luojie:8089/) at spring-boot-admin ([http://localhost:8080/instances]): I/O error on POST request for "http://localhost:8080/instances": Connection refused: connect; nested exception is java.net.ConnectException: Connection refused: connect. Further attempts are logged on DEBUG level
2020-04-10 22:11:08.369  INFO 6380 --- [http-nio-8089-exec-1] o.a.c.c.C.[Tomcat].[localhost].[/]       : Initializing Spring DispatcherServlet 'dispatcherServlet'
2020-04-10 22:11:08.369  INFO 6380 --- [http-nio-8089-exec-1] o.s.web.servlet.DispatcherServlet        : Initializing Servlet 'dispatcherServlet'
2020-04-10 22:11:08.378  INFO 6380 --- [http-nio-8089-exec-1] o.s.web.servlet.DispatcherServlet        : Completed initialization in 8 ms
2020-04-10 22:13:19.705  INFO 12592 --- [restartedMain] c.e.s.Springboot2ljApplication           : Starting Springboot2ljApplication on luojie with PID 12592 (E:\workspace\SpringBootDemo-master\SpringBootDemo-master\springboot2lj\target\classes started by 11711 in E:\workspace\SpringBootDemo-master\SpringBootDemo-master\springboot2lj)
2020-04-10 22:13:19.708  INFO 12592 --- [restartedMain] c.e.s.Springboot2ljApplication           : No active profile set, falling back to default profiles: default
2020-04-10 22:13:19.769  INFO 12592 --- [restartedMain] .e.DevToolsPropertyDefaultsPostProcessor : Devtools property defaults active! Set 'spring.devtools.add-properties' to 'false' to disable
2020-04-10 22:13:19.770  INFO 12592 --- [restartedMain] .e.DevToolsPropertyDefaultsPostProcessor : For additional web related logging consider setting the 'logging.level.web' property to 'DEBUG'
2020-04-10 22:13:21.092  INFO 12592 --- [restartedMain] trationDelegate$BeanPostProcessorChecker : Bean 'org.springframework.transaction.annotation.ProxyTransactionManagementConfiguration' of type [org.springframework.transaction.annotation.ProxyTransactionManagementConfiguration] is not eligible for getting processed by all BeanPostProcessors (for example: not eligible for auto-proxying)
2020-04-10 22:13:21.612  INFO 12592 --- [restartedMain] o.s.b.w.embedded.tomcat.TomcatWebServer  : Tomcat initialized with port(s): 8089 (http)
2020-04-10 22:13:21.621  INFO 12592 --- [restartedMain] o.apache.catalina.core.StandardService   : Starting service [Tomcat]
2020-04-10 22:13:21.622  INFO 12592 --- [restartedMain] org.apache.catalina.core.StandardEngine  : Starting Servlet engine: [Apache Tomcat/9.0.30]
2020-04-10 22:13:21.756  INFO 12592 --- [restartedMain] o.a.c.c.C.[Tomcat].[localhost].[/]       : Initializing Spring embedded WebApplicationContext
2020-04-10 22:13:21.757  INFO 12592 --- [restartedMain] o.s.web.context.ContextLoader            : Root WebApplicationContext: initialization completed in 1987 ms
2020-04-10 22:13:22.239  INFO 12592 --- [restartedMain] o.s.b.a.e.web.ServletEndpointRegistrar   : Registered '/actuator/jolokia' to jolokia-actuator-endpoint
2020-04-10 22:13:22.818  INFO 12592 --- [restartedMain] o.s.s.concurrent.ThreadPoolTaskExecutor  : Initializing ExecutorService 'applicationTaskExecutor'
2020-04-10 22:13:23.119  INFO 12592 --- [restartedMain] o.s.s.c.ThreadPoolTaskScheduler          : Initializing ExecutorService
2020-04-10 22:13:23.223  INFO 12592 --- [restartedMain] o.s.b.d.a.OptionalLiveReloadServer       : LiveReload server is running on port 35729
2020-04-10 22:13:23.230  INFO 12592 --- [restartedMain] o.s.b.a.e.web.EndpointLinksResolver      : Exposing 15 endpoint(s) beneath base path '/actuator'
2020-04-10 22:13:23.305  INFO 12592 --- [restartedMain] o.s.b.w.embedded.tomcat.TomcatWebServer  : Tomcat started on port(s): 8089 (http) with context path ''
2020-04-10 22:13:23.308  INFO 12592 --- [restartedMain] c.e.s.Springboot2ljApplication           : Started Springboot2ljApplication in 4.035 seconds (JVM running for 6.893)
2020-04-10 22:13:25.418  WARN 12592 --- [registrationTask1] d.c.b.a.c.r.ApplicationRegistrator       : Failed to register application as Application(name=spring-boot-admin-client, managementUrl=http://luojie:8089/actuator, healthUrl=http://luojie:8089/actuator/health, serviceUrl=http://luojie:8089/) at spring-boot-admin ([http://localhost:8080/instances]): I/O error on POST request for "http://localhost:8080/instances": Connection refused: connect; nested exception is java.net.ConnectException: Connection refused: connect. Further attempts are logged on DEBUG level
2020-04-10 22:13:33.066  INFO 12592 --- [http-nio-8089-exec-1] o.a.c.c.C.[Tomcat].[localhost].[/]       : Initializing Spring DispatcherServlet 'dispatcherServlet'
2020-04-10 22:13:33.066  INFO 12592 --- [http-nio-8089-exec-1] o.s.web.servlet.DispatcherServlet        : Initializing Servlet 'dispatcherServlet'
2020-04-10 22:13:33.084  INFO 12592 --- [http-nio-8089-exec-1] o.s.web.servlet.DispatcherServlet        : Completed initialization in 17 ms
2020-04-10 22:13:33.187  INFO 12592 --- [http-nio-8089-exec-1] c.e.springboot2lj.aspect.LogAspect       : 获取日志：用户访问了/hello1
2020-04-10 22:13:43.731  INFO 12592 --- [http-nio-8089-exec-4] c.e.springboot2lj.aspect.LogAspect       : 获取日志：用户访问了/hello1
2020-04-10 22:13:44.297  INFO 12592 --- [http-nio-8089-exec-2] c.e.springboot2lj.aspect.LogAspect       : 获取日志：用户访问了/hello1
2020-04-10 22:13:44.598  INFO 12592 --- [http-nio-8089-exec-5] c.e.springboot2lj.aspect.LogAspect       : 获取日志：用户访问了/hello1
2020-04-10 22:13:44.948  INFO 12592 --- [http-nio-8089-exec-6] c.e.springboot2lj.aspect.LogAspect       : 获取日志：用户访问了/hello1
2020-04-10 22:13:45.220  INFO 12592 --- [http-nio-8089-exec-7] c.e.springboot2lj.aspect.LogAspect       : 获取日志：用户访问了/hello1
2020-04-10 22:13:45.432  INFO 12592 --- [http-nio-8089-exec-9] c.e.springboot2lj.aspect.LogAspect       : 获取日志：用户访问了/hello1
2020-04-10 22:13:45.633  INFO 12592 --- [http-nio-8089-exec-8] c.e.springboot2lj.aspect.LogAspect       : 获取日志：用户访问了/hello1
2020-04-10 22:13:45.875  INFO 12592 --- [http-nio-8089-exec-10] c.e.springboot2lj.aspect.LogAspect       : 获取日志：用户访问了/hello1
2020-04-10 22:13:46.774  INFO 12592 --- [http-nio-8089-exec-1] c.e.springboot2lj.aspect.LogAspect       : 获取日志：用户访问了/hello1
2020-04-10 22:13:46.945  INFO 12592 --- [http-nio-8089-exec-3] c.e.springboot2lj.aspect.LogAspect       : 获取日志：用户访问了/hello1
2020-04-10 22:14:53.378  INFO 12592 --- [Thread-14] o.s.s.c.ThreadPoolTaskScheduler          : Shutting down ExecutorService
2020-04-10 22:14:53.385  INFO 12592 --- [Thread-14] o.s.s.concurrent.ThreadPoolTaskExecutor  : Shutting down ExecutorService 'applicationTaskExecutor'
2020-04-10 22:14:55.576  INFO 12592 --- [restartedMain] c.e.s.Springboot2ljApplication           : Starting Springboot2ljApplication on luojie with PID 12592 (E:\workspace\SpringBootDemo-master\SpringBootDemo-master\springboot2lj\target\classes started by 11711 in E:\workspace\SpringBootDemo-master\SpringBootDemo-master\springboot2lj)
2020-04-10 22:14:55.577  INFO 12592 --- [restartedMain] c.e.s.Springboot2ljApplication           : No active profile set, falling back to default profiles: default
2020-04-10 22:14:56.054  INFO 12592 --- [restartedMain] trationDelegate$BeanPostProcessorChecker : Bean 'org.springframework.transaction.annotation.ProxyTransactionManagementConfiguration' of type [org.springframework.transaction.annotation.ProxyTransactionManagementConfiguration] is not eligible for getting processed by all BeanPostProcessors (for example: not eligible for auto-proxying)
2020-04-10 22:14:56.254  INFO 12592 --- [restartedMain] o.s.b.w.embedded.tomcat.TomcatWebServer  : Tomcat initialized with port(s): 8089 (http)
2020-04-10 22:14:56.255  INFO 12592 --- [restartedMain] o.apache.catalina.core.StandardService   : Starting service [Tomcat]
2020-04-10 22:14:56.256  INFO 12592 --- [restartedMain] org.apache.catalina.core.StandardEngine  : Starting Servlet engine: [Apache Tomcat/9.0.30]
2020-04-10 22:14:56.296  INFO 12592 --- [restartedMain] o.a.c.c.C.[Tomcat].[localhost].[/]       : Initializing Spring embedded WebApplicationContext
2020-04-10 22:14:56.297  INFO 12592 --- [restartedMain] o.s.web.context.ContextLoader            : Root WebApplicationContext: initialization completed in 715 ms
2020-04-10 22:14:56.567  INFO 12592 --- [restartedMain] o.s.b.a.e.web.ServletEndpointRegistrar   : Registered '/actuator/jolokia' to jolokia-actuator-endpoint
2020-04-10 22:14:56.814  INFO 12592 --- [restartedMain] o.s.s.concurrent.ThreadPoolTaskExecutor  : Initializing ExecutorService 'applicationTaskExecutor'
2020-04-10 22:14:56.974  INFO 12592 --- [restartedMain] o.s.s.c.ThreadPoolTaskScheduler          : Initializing ExecutorService
2020-04-10 22:14:57.066  INFO 12592 --- [restartedMain] o.s.b.d.a.OptionalLiveReloadServer       : LiveReload server is running on port 35729
2020-04-10 22:14:57.070  INFO 12592 --- [restartedMain] o.s.b.a.e.web.EndpointLinksResolver      : Exposing 15 endpoint(s) beneath base path '/actuator'
2020-04-10 22:14:57.101  INFO 12592 --- [restartedMain] o.s.b.w.embedded.tomcat.TomcatWebServer  : Tomcat started on port(s): 8089 (http) with context path ''
2020-04-10 22:14:57.101  INFO 12592 --- [restartedMain] c.e.s.Springboot2ljApplication           : Started Springboot2ljApplication in 1.57 seconds (JVM running for 100.686)
2020-04-10 22:14:57.104  INFO 12592 --- [restartedMain] .ConditionEvaluationDeltaLoggingListener : Condition evaluation unchanged
2020-04-10 22:14:59.124  WARN 12592 --- [registrationTask1] d.c.b.a.c.r.ApplicationRegistrator       : Failed to register application as Application(name=spring-boot-admin-client, managementUrl=http://luojie:8089/actuator, healthUrl=http://luojie:8089/actuator/health, serviceUrl=http://luojie:8089/) at spring-boot-admin ([http://localhost:8080/instances]): I/O error on POST request for "http://localhost:8080/instances": Connection refused: connect; nested exception is java.net.ConnectException: Connection refused: connect. Further attempts are logged on DEBUG level
